<?xml version="1.0" encoding="UTF-8"?>
<testsuite name="DrivableMapTest" tests="3" skipped="0" failures="0" errors="0" timestamp="2022-09-28T01:03:40" hostname="Lukes-MacBook-Air-2.local" time="0.021">
  <properties/>
  <testcase name="testGetTradable" classname="DrivableMapTest" time="0.018"/>
  <testcase name="testHasFasterThan" classname="DrivableMapTest" time="0.002"/>
  <testcase name="testAddDrivable" classname="DrivableMapTest" time="0.001"/>
  <system-out><![CDATA[]]></system-out>
  <system-err><![CDATA[]]></system-err>
</testsuite>
